datafolder is: /home/usuario/Reinforcement Learning/datasets/COUNTRIES
generating embeddings for dataset COUNTRIES and models ['TransE_l2']
running command DGLBACKEND=pytorch dglke_train --model_name TransE_l2 --data_path "/home/usuario/Reinforcement Learning/model/data/generator/raw_data" --save_path "/home/usuario/Reinforcement Learning/datasets/COUNTRIES/embeddings/" --dataset COUNTRIES --data_files COUNTRIES-raw.txt --format raw_udd_hrt --delimiter , --batch_size 1000 --neg_sample_size 200 --hidden_dim 200 --log_interval 100 --batch_size_eval 16 -adv --regularization_coef 1.00E-09 --gamma 19.9 --lr 0.25 --max_step 6000 --gpu 0
datafolder is: /home/usuario/Reinforcement Learning/datasets/COUNTRIES
generating embeddings for dataset COUNTRIES and models ['TransE_l2', 'DistMult', 'ComplEx', 'TransR']
running command DGLBACKEND=pytorch dglke_train --model_name TransE_l2 --data_path "/home/usuario/Reinforcement Learning/model/data/generator/raw_data" --save_path "/home/usuario/Reinforcement Learning/datasets/COUNTRIES/embeddings/" --dataset COUNTRIES --data_files COUNTRIES-raw.txt --format raw_udd_hrt --delimiter , --batch_size 1000 --neg_sample_size 200 --hidden_dim 200 --log_interval 100 --batch_size_eval 16 -adv --regularization_coef 1.00E-09 --gamma 19.9 --lr 0.25 --max_step 6000 --gpu 0
running command DGLBACKEND=pytorch dglke_train --model_name DistMult --data_path "/home/usuario/Reinforcement Learning/model/data/generator/raw_data" --save_path "/home/usuario/Reinforcement Learning/datasets/COUNTRIES/embeddings/" --dataset COUNTRIES --data_files COUNTRIES-raw.txt --format raw_udd_hrt --delimiter , --batch_size 1000 --neg_sample_size 200 --hidden_dim 200 --log_interval 100 --batch_size_eval 16 -adv --regularization_coef 1.00E-09 --gamma 19.9 --lr 0.25 --max_step 6000 --gpu 0
running command DGLBACKEND=pytorch dglke_train --model_name ComplEx --data_path "/home/usuario/Reinforcement Learning/model/data/generator/raw_data" --save_path "/home/usuario/Reinforcement Learning/datasets/COUNTRIES/embeddings/" --dataset COUNTRIES --data_files COUNTRIES-raw.txt --format raw_udd_hrt --delimiter , --batch_size 1000 --neg_sample_size 200 --hidden_dim 200 --log_interval 100 --batch_size_eval 16 -adv --regularization_coef 1.00E-09 --gamma 19.9 --lr 0.25 --max_step 6000 --gpu 0
running command DGLBACKEND=pytorch dglke_train --model_name TransR --data_path "/home/usuario/Reinforcement Learning/model/data/generator/raw_data" --save_path "/home/usuario/Reinforcement Learning/datasets/COUNTRIES/embeddings/" --dataset COUNTRIES --data_files COUNTRIES-raw.txt --format raw_udd_hrt --delimiter , --batch_size 1000 --neg_sample_size 200 --hidden_dim 200 --log_interval 100 --batch_size_eval 16 -adv --regularization_coef 1.00E-09 --gamma 19.9 --lr 0.25 --max_step 6000 --gpu 0
datafolder is: /home/usuario/Reinforcement Learning/datasets/COUNTRIES
generating embeddings for dataset COUNTRIES and models ['TransE_l2']
running command DGLBACKEND=pytorch dglke_train --model_name TransE_l2 --data_path "/home/usuario/Reinforcement Learning/model/data/generator/raw_data" --save_path "/home/usuario/Reinforcement Learning/datasets/COUNTRIES/embeddings/" --dataset COUNTRIES --data_files COUNTRIES-raw.txt --format raw_udd_hrt --delimiter , --batch_size 1000 --neg_sample_size 200 --hidden_dim 200 --log_interval 100 --batch_size_eval 16 -adv --regularization_coef 1.00E-09 --gamma 19.9 --lr 0.25 --max_step 6000 --gpu 0
datafolder is: /home/usuario/Reinforcement Learning/datasets/COUNTRIES
generating embeddings for dataset COUNTRIES and models ['TransE_l2']
datafolder is: /home/usuario/Reinforcement Learning/datasets/COUNTRIES
generating embeddings for dataset COUNTRIES and models ['TransE_l2']
running command DGLBACKEND=pytorch dglke_train --model_name TransE_l2 --data_path "/home/usuario/Reinforcement Learning/model/data/generator/raw_data" --save_path "/home/usuario/Reinforcement Learning/datasets/COUNTRIES/embeddings/" --dataset COUNTRIES --data_files COUNTRIES-raw.txt --format raw_udd_hrt --delimiter , --batch_size 1000 --neg_sample_size 200 --hidden_dim 200 --log_interval 100 --batch_size_eval 16 -adv --regularization_coef 1.00E-09 --gamma 19.9 --lr 0.25 --max_step 6000 --gpu 0
datafolder is: /home/usuario/Reinforcement Learning/datasets/COUNTRIES
generating embeddings for dataset COUNTRIES and models ['TransE_l2']
datafolder is: /home/usuario/Reinforcement Learning/datasets/COUNTRIES
generating embeddings for dataset COUNTRIES and models ['TransE_l2']
datafolder is: /home/usuario/Reinforcement Learning/datasets/COUNTRIES
generating embeddings for dataset COUNTRIES and models ['TransE_l2']
datafolder is: /home/usuario/Reinforcement Learning/datasets/COUNTRIES
generating embeddings for dataset COUNTRIES and models ['TransE_l2']
running command DGLBACKEND=pytorch dglke_train --model_name TransE_l2 --data_path "/home/usuario/Reinforcement Learning/model/data/generator/raw_data" --save_path "/home/usuario/Reinforcement Learning/datasets/COUNTRIES/embeddings/" --dataset COUNTRIES --data_files COUNTRIES-raw.txt --format raw_udd_hrt --delimiter , --batch_size 1000 --neg_sample_size 200 --hidden_dim 200 --log_interval 100 --batch_size_eval 16 -adv --regularization_coef 1.00E-09 --gamma 19.9 --lr 0.25 --max_step 6000 --gpu 0
