stdout initialized
False {'config': {'gpu_acceleration': True, 'multithreaded_dist_reward': False, 'verbose': False, 'debug': False, 'print_layers': False, 'restore_agent': False, 'log_results': False, 'use_episodes': False, 'episodes': 0, 'available_cores': 6, 'guided_reward': True, 'guided_to_compute': ['terminal', 'embedding'], 'regenerate_embeddings': False, 'normalize_embeddings': True, 'use_LSTM': True, 'alpha': 0.9, 'gamma': 0.99, 'learning_rate': 0.001, 'activation': 'leaky_relu', 'regularizers': ['kernel'], 'algorithm': 'PPO', 'reward_type': 'simple', 'action_picking_policy': 'probability', 'reward_computation': 'one_hot_max', 'path_length': 5, 'random_seed': True, 'seed': 78534245}, 'experiments': [exp1, KINSHIP, True, ['TransE_l2'], 1, True, term3]} None
running integrity checks
datafolder is: /home/usuario/Reinforcement Learning/datasets/KINSHIP
generating embeddings for dataset KINSHIP and models ['TransE_l2']
Selected embedding TransE_l2 is already generated for KINSHIP dataset, if you want to regenerate use the regenerate boolean option
calculating embedding minimums and maximums...
triples: 8544, nodes:104, edges:17192
pruning triples where relation is not term3
=== Build Actor Network ===
Model: "model"
__________________________________________________________________________________________________
Layer (type)                    Output Shape         Param #     Connected to                     
==================================================================================================
state (InputLayer)              [(5, 1000)]          0                                            
__________________________________________________________________________________________________
dense (Dense)                   (5, 400)             400400      state[0][0]                      
__________________________________________________________________________________________________
reshape (Reshape)               (5, 1, 400)          0           dense[0][0]                      
__________________________________________________________________________________________________
lstm (LSTM)                     (5, 1, 400)          1281600     reshape[0][0]                    
__________________________________________________________________________________________________
lstm_1 (LSTM)                   (5, 1, 400)          1281600     lstm[0][0]                       
__________________________________________________________________________________________________
last_lstm (LSTM)                (5, 400)             1281600     lstm_1[0][0]                     
__________________________________________________________________________________________________
dense_1 (Dense)                 (5, 400)             160400      last_lstm[0][0]                  
__________________________________________________________________________________________________
dense_2 (Dense)                 (5, 400)             160400      dense_1[0][0]                    
__________________________________________________________________________________________________
Advantage (InputLayer)          [(5, 1)]             0                                            
__________________________________________________________________________________________________
Old_Prediction (InputLayer)     [(5, 1)]             0                                            
__________________________________________________________________________________________________
actor_output (Dense)            (5, 1)               401         dense_2[0][0]                    
==================================================================================================
Total params: 4,566,401
Trainable params: 4,566,401
Non-trainable params: 0
__________________________________________________________________________________________________
None
=== Build Critic Network ===
Model: "model_1"
__________________________________________________________________________________________________
Layer (type)                    Output Shape         Param #     Connected to                     
==================================================================================================
state (InputLayer)              [(5, 1000)]          0                                            
__________________________________________________________________________________________________
dense_3 (Dense)                 (5, 400)             400400      state[0][0]                      
__________________________________________________________________________________________________
reshape_1 (Reshape)             (5, 1, 400)          0           dense_3[0][0]                    
__________________________________________________________________________________________________
lstm_2 (LSTM)                   (5, 1, 400)          1281600     reshape_1[0][0]                  
__________________________________________________________________________________________________
lstm_3 (LSTM)                   (5, 1, 400)          1281600     lstm_2[0][0]                     
__________________________________________________________________________________________________
last_lstm (LSTM)                (5, 400)             1281600     lstm_3[0][0]                     
__________________________________________________________________________________________________
dense_4 (Dense)                 (5, 400)             160400      last_lstm[0][0]                  
__________________________________________________________________________________________________
dense_5 (Dense)                 (5, 400)             160400      dense_4[0][0]                    
__________________________________________________________________________________________________
Advantage (InputLayer)          [(5, 1)]             0                                            
__________________________________________________________________________________________________
Old_Prediction (InputLayer)     [(5, 1)]             0                                            
__________________________________________________________________________________________________
critic_output_layer (Dense)     (5, 1)               401         dense_5[0][0]                    
==================================================================================================
Total params: 4,566,401
Trainable params: 4,566,401
Non-trainable params: 0
__________________________________________________________________________________________________
None
running for 299 iterations
saving data...
Saving cache for dataset
Cache saved in 0.058652400970458984
Saving agent model
Model saved in 0.11898183822631836
stdout initialized
False {'config': {'gpu_acceleration': True, 'multithreaded_dist_reward': False, 'verbose': False, 'debug': False, 'print_layers': False, 'restore_agent': False, 'log_results': False, 'use_episodes': False, 'episodes': 0, 'available_cores': 6, 'guided_reward': True, 'guided_to_compute': ['terminal', 'embedding'], 'regenerate_embeddings': False, 'normalize_embeddings': True, 'use_LSTM': True, 'alpha': 0.9, 'gamma': 0.99, 'learning_rate': 0.001, 'activation': 'leaky_relu', 'regularizers': ['kernel'], 'algorithm': 'PPO', 'reward_type': 'simple', 'action_picking_policy': 'probability', 'reward_computation': 'one_hot_max', 'path_length': 5, 'random_seed': True, 'seed': 78534245}, 'experiments': [exp2, KINSHIP, True, ['TransE_l2'], 1, True, term3]} None
running integrity checks
datafolder is: /home/usuario/Reinforcement Learning/datasets/KINSHIP
generating embeddings for dataset KINSHIP and models ['TransE_l2']
Selected embedding TransE_l2 is already generated for KINSHIP dataset, if you want to regenerate use the regenerate boolean option
calculating embedding minimums and maximums...
triples: 8544, nodes:104, edges:17192
pruning triples where relation is not term3
=== Build Actor Network ===
Model: "model"
__________________________________________________________________________________________________
Layer (type)                    Output Shape         Param #     Connected to                     
==================================================================================================
state (InputLayer)              [(5, 1000)]          0                                            
__________________________________________________________________________________________________
dense (Dense)                   (5, 400)             400400      state[0][0]                      
__________________________________________________________________________________________________
reshape (Reshape)               (5, 1, 400)          0           dense[0][0]                      
__________________________________________________________________________________________________
lstm (LSTM)                     (5, 1, 400)          1281600     reshape[0][0]                    
__________________________________________________________________________________________________
lstm_1 (LSTM)                   (5, 1, 400)          1281600     lstm[0][0]                       
__________________________________________________________________________________________________
last_lstm (LSTM)                (5, 400)             1281600     lstm_1[0][0]                     
__________________________________________________________________________________________________
dense_1 (Dense)                 (5, 400)             160400      last_lstm[0][0]                  
__________________________________________________________________________________________________
dense_2 (Dense)                 (5, 400)             160400      dense_1[0][0]                    
__________________________________________________________________________________________________
Advantage (InputLayer)          [(5, 1)]             0                                            
__________________________________________________________________________________________________
Old_Prediction (InputLayer)     [(5, 1)]             0                                            
__________________________________________________________________________________________________
actor_output (Dense)            (5, 1)               401         dense_2[0][0]                    
==================================================================================================
Total params: 4,566,401
Trainable params: 4,566,401
Non-trainable params: 0
__________________________________________________________________________________________________
None
=== Build Critic Network ===
Model: "model_1"
__________________________________________________________________________________________________
Layer (type)                    Output Shape         Param #     Connected to                     
==================================================================================================
state (InputLayer)              [(5, 1000)]          0                                            
__________________________________________________________________________________________________
dense_3 (Dense)                 (5, 400)             400400      state[0][0]                      
__________________________________________________________________________________________________
reshape_1 (Reshape)             (5, 1, 400)          0           dense_3[0][0]                    
__________________________________________________________________________________________________
lstm_2 (LSTM)                   (5, 1, 400)          1281600     reshape_1[0][0]                  
__________________________________________________________________________________________________
lstm_3 (LSTM)                   (5, 1, 400)          1281600     lstm_2[0][0]                     
__________________________________________________________________________________________________
last_lstm (LSTM)                (5, 400)             1281600     lstm_3[0][0]                     
__________________________________________________________________________________________________
dense_4 (Dense)                 (5, 400)             160400      last_lstm[0][0]                  
__________________________________________________________________________________________________
dense_5 (Dense)                 (5, 400)             160400      dense_4[0][0]                    
__________________________________________________________________________________________________
Advantage (InputLayer)          [(5, 1)]             0                                            
__________________________________________________________________________________________________
Old_Prediction (InputLayer)     [(5, 1)]             0                                            
__________________________________________________________________________________________________
critic_output_layer (Dense)     (5, 1)               401         dense_5[0][0]                    
==================================================================================================
Total params: 4,566,401
Trainable params: 4,566,401
Non-trainable params: 0
__________________________________________________________________________________________________
None
running for 299 iterations
saving data...
Saving cache for dataset
Cache saved in 0.00013589859008789062
Saving agent model
Model saved in 0.11937284469604492
